Performing C++ SOURCE FILE Test CMAKE_HAVE_LIBC_PTHREAD failed with the following output:
Change Dir: /mnt/c/Users/sauze/OneDrive - Université de Poitiers/Documents/2021-2022_M1_IM_S8/APR/TP5/linux/CMakeFiles/CMakeTmp

Run Build Command(s):/usr/bin/make cmTC_89fb1/fast && /usr/bin/make -f CMakeFiles/cmTC_89fb1.dir/build.make CMakeFiles/cmTC_89fb1.dir/build
make[1]: Entering directory '/mnt/c/Users/sauze/OneDrive - Université de Poitiers/Documents/2021-2022_M1_IM_S8/APR/TP5/linux/CMakeFiles/CMakeTmp'
Building CXX object CMakeFiles/cmTC_89fb1.dir/src.cxx.o
/usr/bin/c++    -DCMAKE_HAVE_LIBC_PTHREAD   -o CMakeFiles/cmTC_89fb1.dir/src.cxx.o -c "/mnt/c/Users/sauze/OneDrive - Université de Poitiers/Documents/2021-2022_M1_IM_S8/APR/TP5/linux/CMakeFiles/CMakeTmp/src.cxx"
Linking CXX executable cmTC_89fb1
/usr/bin/cmake -E cmake_link_script CMakeFiles/cmTC_89fb1.dir/link.txt --verbose=1
/usr/bin/c++   -DCMAKE_HAVE_LIBC_PTHREAD    -rdynamic CMakeFiles/cmTC_89fb1.dir/src.cxx.o  -o cmTC_89fb1 
/usr/bin/ld: CMakeFiles/cmTC_89fb1.dir/src.cxx.o: in function `main':
src.cxx:(.text+0x46): undefined reference to `pthread_create'
/usr/bin/ld: src.cxx:(.text+0x52): undefined reference to `pthread_detach'
/usr/bin/ld: src.cxx:(.text+0x63): undefined reference to `pthread_join'
collect2: error: ld returned 1 exit status
make[1]: *** [CMakeFiles/cmTC_89fb1.dir/build.make:87: cmTC_89fb1] Error 1
make[1]: Leaving directory '/mnt/c/Users/sauze/OneDrive - Université de Poitiers/Documents/2021-2022_M1_IM_S8/APR/TP5/linux/CMakeFiles/CMakeTmp'
make: *** [Makefile:121: cmTC_89fb1/fast] Error 2


Source file was:
#include <pthread.h>

void* test_func(void* data)
{
  return data;
}

int main(void)
{
  pthread_t thread;
  pthread_create(&thread, NULL, test_func, NULL);
  pthread_detach(thread);
  pthread_join(thread, NULL);
  pthread_atfork(NULL, NULL, NULL);
  pthread_exit(NULL);

  return 0;
}

Determining if the function pthread_create exists in the pthreads failed with the following output:
Change Dir: /mnt/c/Users/sauze/OneDrive - Université de Poitiers/Documents/2021-2022_M1_IM_S8/APR/TP5/linux/CMakeFiles/CMakeTmp

Run Build Command(s):/usr/bin/make cmTC_20e8a/fast && /usr/bin/make -f CMakeFiles/cmTC_20e8a.dir/build.make CMakeFiles/cmTC_20e8a.dir/build
make[1]: Entering directory '/mnt/c/Users/sauze/OneDrive - Université de Poitiers/Documents/2021-2022_M1_IM_S8/APR/TP5/linux/CMakeFiles/CMakeTmp'
Building CXX object CMakeFiles/cmTC_20e8a.dir/CheckFunctionExists.cxx.o
/usr/bin/c++    -DCHECK_FUNCTION_EXISTS=pthread_create   -o CMakeFiles/cmTC_20e8a.dir/CheckFunctionExists.cxx.o -c "/mnt/c/Users/sauze/OneDrive - Université de Poitiers/Documents/2021-2022_M1_IM_S8/APR/TP5/linux/CMakeFiles/CheckLibraryExists/CheckFunctionExists.cxx"
Linking CXX executable cmTC_20e8a
/usr/bin/cmake -E cmake_link_script CMakeFiles/cmTC_20e8a.dir/link.txt --verbose=1
/usr/bin/c++   -DCHECK_FUNCTION_EXISTS=pthread_create    -rdynamic CMakeFiles/cmTC_20e8a.dir/CheckFunctionExists.cxx.o  -o cmTC_20e8a  -lpthreads 
/usr/bin/ld: cannot find -lpthreads
collect2: error: ld returned 1 exit status
make[1]: *** [CMakeFiles/cmTC_20e8a.dir/build.make:87: cmTC_20e8a] Error 1
make[1]: Leaving directory '/mnt/c/Users/sauze/OneDrive - Université de Poitiers/Documents/2021-2022_M1_IM_S8/APR/TP5/linux/CMakeFiles/CMakeTmp'
make: *** [Makefile:121: cmTC_20e8a/fast] Error 2



